This is XeTeX, Version 3.1415926-2.2-0.9995.2 (TeX Live 2009/Debian) (format=xelatex 2011.4.8)  23 JAN 2012 12:53
entering extended mode
 %&-line parsing enabled.
**metrics_www.tex
(./metrics_www.tex
LaTeX2e <2009/09/24>
Babel <v3.8l> and hyphenation patterns for english, usenglishmax, dumylang, noh
yphenation, farsi, arabic, croatian, bulgarian, ukrainian, russian, czech, slov
ak, danish, dutch, finnish, french, basque, ngerman, german, german-x-2009-06-1
9, ngerman-x-2009-06-19, ibycus, monogreek, greek, ancientgreek, hungarian, san
skrit, italian, latin, latvian, lithuanian, mongolian2a, mongolian, bokmal, nyn
orsk, romanian, irish, coptic, serbian, turkish, welsh, esperanto, uppersorbian
, estonian, indonesian, interlingua, icelandic, kurmanji, slovenian, polish, po
rtuguese, spanish, galician, catalan, swedish, ukenglish, pinyin, loaded.
(/usr/share/texmf-texlive/tex/latex/IEEEtran/IEEEtran.cls
Document Class: IEEEtran 2007/03/05 V1.7a by Michael Shell
-- See the "IEEEtran_HOWTO" manual for usage information.
-- http://www.michaelshell.org/tex/ieeetran/
\@IEEEtrantmpdimenA=\dimen102
\@IEEEtrantmpdimenB=\dimen103
\@IEEEtrantmpcountA=\count80
\@IEEEtrantmpcountB=\count81
\@IEEEtrantmptoksA=\toks14
LaTeX Font Info:    Try loading font information for OT1+ptm on input line 366.

(/usr/share/texmf-texlive/tex/latex/psnfss/ot1ptm.fd
File: ot1ptm.fd 2001/06/04 font definitions for OT1/ptm.
)
-- Using 8.5in x 11in (letter) paper.
-- Using DVI output.
\@IEEEnormalsizeunitybaselineskip=\dimen104
-- This is a 10 point document.
\CLASSINFOnormalsizebaselineskip=\dimen105
\CLASSINFOnormalsizeunitybaselineskip=\dimen106
\IEEEnormaljot=\dimen107
LaTeX Font Info:    Font shape `OT1/ptm/bx/n' in size <5> not available
(Font)              Font shape `OT1/ptm/b/n' tried instead on input line 724.
LaTeX Font Info:    Font shape `OT1/ptm/bx/it' in size <5> not available
(Font)              Font shape `OT1/ptm/b/it' tried instead on input line 724.
LaTeX Font Info:    Font shape `OT1/ptm/bx/n' in size <7> not available
(Font)              Font shape `OT1/ptm/b/n' tried instead on input line 724.
LaTeX Font Info:    Font shape `OT1/ptm/bx/it' in size <7> not available
(Font)              Font shape `OT1/ptm/b/it' tried instead on input line 724.
LaTeX Font Info:    Font shape `OT1/ptm/bx/n' in size <8> not available
(Font)              Font shape `OT1/ptm/b/n' tried instead on input line 724.
LaTeX Font Info:    Font shape `OT1/ptm/bx/it' in size <8> not available
(Font)              Font shape `OT1/ptm/b/it' tried instead on input line 724.
LaTeX Font Info:    Font shape `OT1/ptm/bx/n' in size <9> not available
(Font)              Font shape `OT1/ptm/b/n' tried instead on input line 724.
LaTeX Font Info:    Font shape `OT1/ptm/bx/it' in size <9> not available
(Font)              Font shape `OT1/ptm/b/it' tried instead on input line 724.
LaTeX Font Info:    Font shape `OT1/ptm/bx/n' in size <10> not available
(Font)              Font shape `OT1/ptm/b/n' tried instead on input line 724.
LaTeX Font Info:    Font shape `OT1/ptm/bx/it' in size <10> not available
(Font)              Font shape `OT1/ptm/b/it' tried instead on input line 724.
LaTeX Font Info:    Font shape `OT1/ptm/bx/n' in size <11> not available
(Font)              Font shape `OT1/ptm/b/n' tried instead on input line 724.
LaTeX Font Info:    Font shape `OT1/ptm/bx/it' in size <11> not available
(Font)              Font shape `OT1/ptm/b/it' tried instead on input line 724.
LaTeX Font Info:    Font shape `OT1/ptm/bx/n' in size <12> not available
(Font)              Font shape `OT1/ptm/b/n' tried instead on input line 724.
LaTeX Font Info:    Font shape `OT1/ptm/bx/it' in size <12> not available
(Font)              Font shape `OT1/ptm/b/it' tried instead on input line 724.
LaTeX Font Info:    Font shape `OT1/ptm/bx/n' in size <17> not available
(Font)              Font shape `OT1/ptm/b/n' tried instead on input line 724.
LaTeX Font Info:    Font shape `OT1/ptm/bx/it' in size <17> not available
(Font)              Font shape `OT1/ptm/b/it' tried instead on input line 724.
LaTeX Font Info:    Font shape `OT1/ptm/bx/n' in size <20> not available
(Font)              Font shape `OT1/ptm/b/n' tried instead on input line 724.
LaTeX Font Info:    Font shape `OT1/ptm/bx/it' in size <20> not available
(Font)              Font shape `OT1/ptm/b/it' tried instead on input line 724.
LaTeX Font Info:    Font shape `OT1/ptm/bx/n' in size <24> not available
(Font)              Font shape `OT1/ptm/b/n' tried instead on input line 724.
LaTeX Font Info:    Font shape `OT1/ptm/bx/it' in size <24> not available
(Font)              Font shape `OT1/ptm/b/it' tried instead on input line 724.
\IEEEilabelindentA=\dimen108
\IEEEilabelindentB=\dimen109
\IEEEilabelindent=\dimen110
\IEEEelabelindent=\dimen111
\IEEEdlabelindent=\dimen112
\IEEElabelindent=\dimen113
\IEEEiednormlabelsep=\dimen114
\IEEEiedmathlabelsep=\dimen115
\IEEEiedtopsep=\skip41
\c@section=\count82
\c@subsection=\count83
\c@subsubsection=\count84
\c@paragraph=\count85
\c@IEEEsubequation=\count86
\abovecaptionskip=\skip42
\belowcaptionskip=\skip43
\c@figure=\count87
\c@table=\count88
\@IEEEeqnnumcols=\count89
\@IEEEeqncolcnt=\count90
\@IEEEtmpitemindent=\dimen116
\c@IEEEbiography=\count91
\@IEEEtranrubishbin=\box26
) (/usr/share/texmf-texlive/tex/latex/graphics/graphicx.sty
Package: graphicx 1999/02/16 v1.0f Enhanced LaTeX Graphics (DPC,SPQR)

(/usr/share/texmf-texlive/tex/latex/graphics/keyval.sty
Package: keyval 1999/03/16 v1.13 key=value parser (DPC)
\KV@toks@=\toks15
)
(/usr/share/texmf-texlive/tex/latex/graphics/graphics.sty
Package: graphics 2009/02/05 v1.0o Standard LaTeX Graphics (DPC,SPQR)

(/usr/share/texmf-texlive/tex/latex/graphics/trig.sty
Package: trig 1999/03/16 v1.09 sin cos tan (DPC)
)
(/etc/texmf/tex/latex/config/graphics.cfg
File: graphics.cfg 2009/08/28 v1.8 graphics configuration of TeX Live
)
Package graphics Info: Driver file: dvips.def on input line 91.

(/usr/share/texmf-texlive/tex/latex/graphics/dvips.def
File: dvips.def 1999/02/16 v3.0i Driver-dependant file (DPC,SPQR)
))
\Gin@req@height=\dimen117
\Gin@req@width=\dimen118
)
(/usr/share/texmf-texlive/tex/latex/amsmath/amsmath.sty
Package: amsmath 2000/07/18 v2.13 AMS math features
\@mathmargin=\skip44

For additional information on amsmath, use the `?' option.
(/usr/share/texmf-texlive/tex/latex/amsmath/amstext.sty
Package: amstext 2000/06/29 v2.01

(/usr/share/texmf-texlive/tex/latex/amsmath/amsgen.sty
File: amsgen.sty 1999/11/30 v2.0
\@emptytoks=\toks16
\ex@=\dimen119
))
(/usr/share/texmf-texlive/tex/latex/amsmath/amsbsy.sty
Package: amsbsy 1999/11/29 v1.2d
\pmbraise@=\dimen120
)
(/usr/share/texmf-texlive/tex/latex/amsmath/amsopn.sty
Package: amsopn 1999/12/14 v2.01 operator names
)
\inf@bad=\count92
LaTeX Info: Redefining \frac on input line 211.
\uproot@=\count93
\leftroot@=\count94
LaTeX Info: Redefining \overline on input line 307.
\classnum@=\count95
\DOTSCASE@=\count96
LaTeX Info: Redefining \ldots on input line 379.
LaTeX Info: Redefining \dots on input line 382.
LaTeX Info: Redefining \cdots on input line 467.
\Mathstrutbox@=\box27
\strutbox@=\box28
\big@size=\dimen121
LaTeX Font Info:    Redeclaring font encoding OML on input line 567.
LaTeX Font Info:    Redeclaring font encoding OMS on input line 568.
\macc@depth=\count97
\c@MaxMatrixCols=\count98
\dotsspace@=\muskip10
\c@parentequation=\count99
\dspbrk@lvl=\count100
\tag@help=\toks17
\row@=\count101
\column@=\count102
\maxfields@=\count103
\andhelp@=\toks18
\eqnshift@=\dimen122
\alignsep@=\dimen123
\tagshift@=\dimen124
\tagwidth@=\dimen125
\totwidth@=\dimen126
\lineht@=\dimen127
\@envbody=\toks19
\multlinegap=\skip45
\multlinetaggap=\skip46
\mathdisplay@stack=\toks20
LaTeX Info: Redefining \[ on input line 2666.
LaTeX Info: Redefining \] on input line 2667.
)
(/usr/share/texmf-texlive/tex/latex/algorithms/algorithmic.sty
Invalid UTF-8 byte or sequence at line 11 replaced by U+FFFD.
Package: algorithmic 2009/08/24 v0.1 Document Style `algorithmic'

(/usr/share/texmf-texlive/tex/latex/base/ifthen.sty
Package: ifthen 2001/05/26 v1.1c Standard LaTeX ifthen package (DPC)
)
\c@ALC@unique=\count104
\c@ALC@line=\count105
\c@ALC@rem=\count106
\c@ALC@depth=\count107
\ALC@tlm=\skip47
\algorithmicindent=\skip48
)
(/usr/share/texmf-texlive/tex/latex/base/alltt.sty
Package: alltt 1997/06/16 v2.0g defines alltt environment
)
(/usr/share/texmf-texlive/tex/latex/algorithms/algorithm.sty
Invalid UTF-8 byte or sequence at line 11 replaced by U+FFFD.
Package: algorithm 2009/08/24 v0.1 Document Style `algorithm' - floating enviro
nment

(/usr/share/texmf-texlive/tex/latex/float/float.sty
Package: float 2001/11/08 v1.3d Float enhancements (AL)
\c@float@type=\count108
\float@exts=\toks21
\float@box=\box29
\@float@everytoks=\toks22
\@floatcapt=\box30
)
\@float@every@algorithm=\toks23
\c@algorithm=\count109
)
(/usr/share/texmf-texlive/tex/latex/bbold/bbold.sty
Package: bbold 1994/04/06 Bbold symbol package
)
(/usr/share/texmf-texlive/tex/latex/pstricks-add/pstricks-add.sty
(/usr/share/texmf-texlive/tex/latex/pstricks/pstricks.sty
Package: pstricks 2008/11/26 v0.40 LaTeX wrapper for `PSTricks' (RN,HV)

(/usr/share/texmf-texlive/tex/generic/pstricks/pstricks.tex
`PSTricks' v1.29  <2009/05/19> (tvz)
\pst@dima=\dimen128
\pst@dimb=\dimen129
\pst@dimc=\dimen130
\pst@dimd=\dimen131
\pst@dimg=\dimen132
\pst@dimh=\dimen133
\pst@hbox=\box31
\pst@boxg=\box32
\pst@cnta=\count110
\pst@cntb=\count111
\pst@cntc=\count112
\pst@cntd=\count113
\pst@cntg=\count114
\pst@cnth=\count115
\pst@toks=\toks24
(/usr/share/texmf-texlive/tex/xelatex/xetex-pstricks/pstricks.con
(/usr/share/texmf-texlive/tex/generic/pstricks/xdvipdfmx.con))
\psunit=\dimen134
\psxunit=\dimen135
\psyunit=\dimen136
\pslinewidth=\dimen137
\pst@customdefs=\toks25
\pslinearc=\dimen138
\everypsbox=\toks26
\psframesep=\dimen139
\pslabelsep=\dimen140
\pst@shift=\dimen141
\theoverlaybox=\box33

(/usr/share/texmf-texlive/tex/xelatex/xetex-pstricks/pstricks.con
(/usr/share/texmf-texlive/tex/generic/pstricks/xdvipdfmx.con
Using PSTricks configuration for XeTeX+xdvipdfmx
)))
File: pstricks.tex 2009/05/19 v1.29 `PSTricks' (tvz,hv)
 (/usr/share/texmf/tex/latex/xcolor/xcolor.sty
Package: xcolor 2007/01/21 v2.11 LaTeX color extensions (UK)

(/etc/texmf/tex/latex/config/color.cfg
File: color.cfg 2007/01/18 v1.5 color configuration of teTeX/TeXLive
)
Package xcolor Info: Driver file: xetex.def on input line 225.

(/usr/share/texmf-texlive/tex/xelatex/xetex-def/xetex.def
File: xetex.def 2009/11/22 v0.94 LaTeX color/graphics driver for XeTeX (RRM/JK)

)
Package xcolor Info: Model `cmy' substituted by `cmy0' on input line 1337.
Package xcolor Info: Model `RGB' extended on input line 1353.
Package xcolor Info: Model `HTML' substituted by `rgb' on input line 1355.
Package xcolor Info: Model `Hsb' substituted by `hsb' on input line 1356.
Package xcolor Info: Model `tHsb' substituted by `hsb' on input line 1357.
Package xcolor Info: Model `HSB' substituted by `hsb' on input line 1358.
Package xcolor Info: Model `Gray' substituted by `gray' on input line 1359.
Package xcolor Info: Model `wave' substituted by `hsb' on input line 1360.
))
Package: pstricks-add 2009/03/17 v. 0.13 package wrapper for pstricks-add.tex (
hv)

(/usr/share/texmf-texlive/tex/generic/pstricks-add/pstricks-add.tex
(/usr/share/texmf-texlive/tex/generic/pstricks/pst-plot.tex
(/usr/share/texmf-texlive/tex/generic/multido/multido.tex
 v1.41, 2004/05/18 <tvz>
\multido@count=\count116
\multidocount=\count117
\multido@stuff=\toks27
)  v1.04, 2009/06/08)
(/usr/share/texmf-texlive/tex/generic/pstricks/pst-node.tex  v1.01, 2008/11/26
\psrow=\count118
\pscol=\count119
\psmatrixcnt=\count120
\psrowsep=\skip49
\pscolsep=\skip50
) (/usr/share/texmf-texlive/tex/generic/pst-3d/pst-3d.tex
(/usr/share/texmf-texlive/tex/generic/xkeyval/pst-xkey.tex
File: pst-xkey.tex 2005/11/25 v1.6 PSTricks specialization of xkeyval (HA)

(/usr/share/texmf-texlive/tex/latex/xkeyval/xkeyval.sty
Package: xkeyval 2008/08/13 v2.6a package option processing (HA)

(/usr/share/texmf-texlive/tex/generic/xkeyval/xkeyval.tex
\XKV@toks=\toks28
\XKV@tempa@toks=\toks29
\XKV@depth=\count121
File: xkeyval.tex 2008/08/13 v2.6a key=value parser (HA)
)))
`PST-3d' v1.00, 2005/09/03 (tvz))
(/usr/share/texmf-texlive/tex/generic/pstricks-add/pst-fp.tex
`pst-fp' v0.02, 2009/04/02 (hv)
\pstFP@xs=\count122
\pstFP@xia=\count123
\pstFP@xib=\count124
\pstFP@xfa=\count125
\pstFP@xfb=\count126
\pstFP@rega=\count127
\pstFP@regb=\count128
\pstFP@regs=\count129
\pstFP@times=\count130
)
(/usr/share/texmf-texlive/tex/generic/pst-math/pst-math.tex
`pst-math' v0.23 , (CJ,hv)) `pstricks-add' v3.35, 2009/10/12 (dr,hv)
\pst@dimm=\dimen142
\pst@dimn=\dimen143
\pst@dimo=\dimen144
\pst@dimp=\dimen145
\pst@cntm=\count131
\pst@cntn=\count132
\pst@cnto=\count133
\pst@cntp=\count134
\@zero=\count135
\pstRadUnit=\dimen146
\pstRadUnitInv=\dimen147
\pshooklength=\dimen148
\pshookwidth=\dimen149
\@digitcounter=\count136
\psk@subticksize=\dimen150
\pst@xticksizeA=\dimen151
\pst@xticksizeB=\dimen152
\pst@xticksizeC=\dimen153
\pst@yticksizeA=\dimen154
\pst@yticksizeB=\dimen155
\pst@yticksizeC=\dimen156
\psk@llx=\dimen157
\psk@lly=\dimen158
\psk@urx=\dimen159
\psk@ury=\dimen160
\pst@xunit=\dimen161
\pst@yunit=\dimen162
\linecnt=\count137
\chart@ColorIndex=\dimen163
\chart@ColorStep=\dimen164
\pst@chartHeight=\dimen165
\pst@chartStackDepth=\dimen166
\pst@chartStackWidth=\dimen167
\chart@Toggle=\count138
)
File: pstricks-add.tex 2009/10/12 v3.35 `PSTricks-add' (hv)
)
\c@theorem=\count139
\c@definition=\count140

(./metrics_www.aux)
\openout1 = `metrics_www.aux'.

LaTeX Font Info:    Checking defaults for OML/cmm/m/it on input line 364.
LaTeX Font Info:    ... okay on input line 364.
LaTeX Font Info:    Checking defaults for T1/cmr/m/n on input line 364.
LaTeX Font Info:    ... okay on input line 364.
LaTeX Font Info:    Checking defaults for OT1/cmr/m/n on input line 364.
LaTeX Font Info:    ... okay on input line 364.
LaTeX Font Info:    Checking defaults for OMS/cmsy/m/n on input line 364.
LaTeX Font Info:    ... okay on input line 364.
LaTeX Font Info:    Checking defaults for OMX/cmex/m/n on input line 364.
LaTeX Font Info:    ... okay on input line 364.
LaTeX Font Info:    Checking defaults for U/cmr/m/n on input line 364.
LaTeX Font Info:    ... okay on input line 364.

Underfull \hbox (badness 1442) in paragraph at lines 447--455
[]\OT1/ptm/m/n/10 Keywords: Com-mu-nity De-tec-tion, Com-mu-nity Met-rics,
 []

LaTeX Font Info:    External font `cmex10' loaded for size
(Font)              <7> on input line 486.
LaTeX Font Info:    External font `cmex10' loaded for size
(Font)              <5> on input line 486.
LaTeX Font Info:    Try loading font information for U+bbold on input line 489.

(/usr/share/texmf-texlive/tex/latex/bbold/Ubbold.fd) [1


]

LaTeX Warning: Citation `cut_ratio' on page 2 undefined on input line 528.


LaTeX Warning: Citation `edges_cut' on page 2 undefined on input line 529.


LaTeX Warning: Citation `expansion' on page 2 undefined on input line 530.


LaTeX Warning: Citation `i_density' on page 2 undefined on input line 531.


LaTeX Warning: Citation `volume' on page 2 undefined on input line 532.

File: Figures/karate_metrics.pdf Graphic file (type QTm)
<use  "Figures/karate_metrics.pdf" >
File: Figures/football_metrics.pdf Graphic file (type QTm)
 <use  "Figures/football_metrics.pdf" >
LaTeX Font Info:    External font `cmex10' loaded for size
(Font)              <8> on input line 581.
LaTeX Font Info:    External font `cmex10' loaded for size
(Font)              <6> on input line 581.


LaTeX Warning: `!h' float specifier changed to `!ht'.

[2]
File: Figures/karate_conductance.pdf Graphic file (type QTm)
 <use  "Figures/karate_conductance.pdf" >
File: Figures/football_conductance.pdf Graphic file (type QTm)

<use  "Figures/football_conductance.pdf" > [3]
File: Figures/Conductance_a.eps Graphic file (type eps)
 <Figures/Conductance_a.eps>
File: Figures/cuts_expansion.pdf Graphic file (type QTm)

<use  "Figures/cuts_expansion.pdf" >

LaTeX Warning: `!h' float specifier changed to `!ht'.

File: Figures/cee_k.pdf Graphic file (type QTm)
<use  "Figures/cee_k.pdf" >

LaTeX Warning: `!h' float specifier changed to `!ht'.

File: Figures/volume.pdf Graphic file (type QTm)
<use  "Figures/volume.pdf" >

LaTeX Warning: `!h' float specifier changed to `!ht'.

[4]
Underfull \hbox (badness 2221) in paragraph at lines 667--679
[]\OT1/ptm/m/n/10 To con-clude our anal-y-sis of met-rics for the Karate
 []


Underfull \hbox (badness 3612) in paragraph at lines 667--679
\OT1/ptm/m/n/10 Club and the CFL net-works we present the op-ti-mal
 []


Underfull \hbox (badness 10000) in paragraph at lines 667--679
\OT1/ptm/m/n/10 com-mu-ni-ties within the net-work ac-cord-ing to each
 []


Overfull \hbox (3.66739pt too wide) in paragraph at lines 667--679
[]
 []


Underfull \hbox (badness 10000) in paragraph at lines 691--691

 []

[5]
File: Figures/cfl_mod_ls.pdf Graphic file (type QTm)
 <use  "Figures/cfl_mod_ls.pdf" >
Underfull \hbox (badness 10000) in paragraph at lines 755--756
[]\OT1/ptm/m/n/10 We now em-pir-i-cally com-pare \OT1/ptm/m/sc/10 Linearity$\OT
1/cmr/m/n/10 (\OML/cmm/m/it/10 S\OT1/cmr/m/n/10 )$ \OT1/ptm/m/n/10 and
 []

[6]
File: Figures/Karate_Club_ml.pdf Graphic file (type QTm)
 <use  "Figures/Karate_Club_ml.pdf" >
File: Figures/CFL_ml.pdf Graphic file (type QTm)
 <use  "Figures/CFL_ml.pdf" >
File: Figures/astro_ml.pdf Graphic file (type QTm)

<use  "Figures/astro_ml.pdf" >

LaTeX Warning: `!h' float specifier changed to `!ht'.

[7]

** Conference Paper **
Before submitting the final camera ready copy, remember to:

 1. Manually equalize the lengths of two columns on the last page
 of your paper;

 2. Ensure that any PostScript and/or PDF output post-processing
 uses only Type 1 fonts and that every step in the generation
 process uses the appropriate paper size.

[8

] (./metrics_www.aux)

LaTeX Warning: There were undefined references.

 ) 
Here is how much of TeX's memory you used:
 5337 strings out of 494665
 74768 string characters out of 1166478
 216892 words of memory out of 3000000
 8488 multiletter control sequences out of 15000+50000
 30045 words of font info for 69 fonts, out of 3000000 for 9000
 672 hyphenation exceptions out of 8191
 37i,16n,39p,1173b,395s stack positions out of 5000i,500n,10000p,200000b,50000s

Output written on metrics_www.pdf (8 pages).
