This is XeTeX, Version 3.1415926-2.3-0.9997.5 (TeX Live 2011) (format=xelatex 2011.7.3)  2 MAY 2012 20:49
entering extended mode
 restricted \write18 enabled.
 %&-line parsing enabled.
**thesis.tex
(./thesis.tex
LaTeX2e <2009/09/24>
Babel <v3.8l> and hyphenation patterns for english, dumylang, nohyphenation, ge
rman-x-2009-06-19, ngerman-x-2009-06-19, afrikaans, ancientgreek, ibycus, arabi
c, armenian, basque, bulgarian, catalan, pinyin, coptic, croatian, czech, danis
h, dutch, ukenglish, usenglishmax, esperanto, estonian, ethiopic, farsi, finnis
h, french, galician, german, ngerman, swissgerman, monogreek, greek, hungarian,
 icelandic, assamese, bengali, gujarati, hindi, kannada, malayalam, marathi, or
iya, panjabi, tamil, telugu, indonesian, interlingua, irish, italian, kurmanji,
 lao, latin, latvian, lithuanian, mongolian, mongolianlmc, bokmal, nynorsk, pol
ish, portuguese, romanian, russian, sanskrit, serbian, serbianc, slovak, sloven
ian, spanish, swedish, turkish, turkmen, ukrainian, uppersorbian, welsh, loaded
.
(./cornell.cls
Document Class: cornell 2008/4/17 v2.9 Cornell University thesis class
(/usr/local/texlive/2011/texmf-dist/tex/latex/base/report.cls
Document Class: report 2007/10/19 v1.4h Standard LaTeX document class
(/usr/local/texlive/2011/texmf-dist/tex/latex/base/size12.clo
File: size12.clo 2007/10/19 v1.4h Standard LaTeX file (size option)
)
\c@part=\count80
\c@chapter=\count81
\c@section=\count82
\c@subsection=\count83
\c@subsubsection=\count84
\c@paragraph=\count85
\c@subparagraph=\count86
\c@figure=\count87
\c@table=\count88
\abovecaptionskip=\skip41
\belowcaptionskip=\skip42
\bibindent=\dimen102
)
\@abhdskip=\skip43
)
(/usr/local/texlive/2011/texmf-dist/tex/latex/graphics/graphicx.sty
Package: graphicx 1999/02/16 v1.0f Enhanced LaTeX Graphics (DPC,SPQR)

(/usr/local/texlive/2011/texmf-dist/tex/latex/graphics/keyval.sty
Package: keyval 1999/03/16 v1.13 key=value parser (DPC)
\KV@toks@=\toks14
)
(/usr/local/texlive/2011/texmf-dist/tex/latex/graphics/graphics.sty
Package: graphics 2009/02/05 v1.0o Standard LaTeX Graphics (DPC,SPQR)

(/usr/local/texlive/2011/texmf-dist/tex/latex/graphics/trig.sty
Package: trig 1999/03/16 v1.09 sin cos tan (DPC)
)
(/usr/local/texlive/2011/texmf-dist/tex/latex/latexconfig/graphics.cfg
File: graphics.cfg 2010/04/23 v1.9 graphics configuration of TeX Live
)
Package graphics Info: Driver file: xetex.def on input line 91.

(/usr/local/texlive/2011/texmf-dist/tex/xelatex/xetex-def/xetex.def
File: xetex.def 2009/11/22 v0.94 LaTeX color/graphics driver for XeTeX (RRM/JK)

))
\Gin@req@height=\dimen103
\Gin@req@width=\dimen104
)
(/usr/local/texlive/2011/texmf-dist/tex/latex/pstricks/pstricks.sty
Package: pstricks 2011/04/23 v0.50 LaTeX wrapper for `PSTricks' (RN,HV)

(/usr/local/texlive/2011/texmf-dist/tex/generic/oberdiek/ifpdf.sty
Package: ifpdf 2011/01/30 v2.3 Provides the ifpdf switch (HO)
Package ifpdf Info: pdfTeX in PDF mode is not detected.
)
(/usr/local/texlive/2011/texmf-dist/tex/generic/oberdiek/ifluatex.sty
Package: ifluatex 2010/03/01 v1.3 Provides the ifluatex switch (HO)
Package ifluatex Info: LuaTeX not detected.
)
(/usr/local/texlive/2011/texmf-dist/tex/generic/pstricks/pstricks.tex
(/usr/local/texlive/2011/texmf-dist/tex/generic/xkeyval/pst-xkey.tex
File: pst-xkey.tex 2005/11/25 v1.6 PSTricks specialization of xkeyval (HA)

(/usr/local/texlive/2011/texmf-dist/tex/latex/xkeyval/xkeyval.sty
Package: xkeyval 2008/08/13 v2.6a package option processing (HA)

(/usr/local/texlive/2011/texmf-dist/tex/generic/xkeyval/xkeyval.tex
\XKV@toks=\toks15
\XKV@tempa@toks=\toks16
\XKV@depth=\count89
File: xkeyval.tex 2008/08/13 v2.6a key=value parser (HA)
)))
(/usr/local/texlive/2011/texmf-dist/tex/generic/pstricks/pst-fp.tex
`pst-fp' v0.05, 2010/01/17 (hv)
\pstFP@xs=\count90
\pstFP@xia=\count91
\pstFP@xib=\count92
\pstFP@xfa=\count93
\pstFP@xfb=\count94
\pstFP@rega=\count95
\pstFP@regb=\count96
\pstFP@regs=\count97
\pstFP@times=\count98
)
\psLoopIndex=\count99

`PSTricks' v2.20  <2011/04/23> (tvz)
\pst@dima=\dimen105
\pst@dimb=\dimen106
\pst@dimc=\dimen107
\pst@dimd=\dimen108
\pst@dimg=\dimen109
\pst@dimh=\dimen110
\pst@dimm=\dimen111
\pst@dimn=\dimen112
\pst@dimo=\dimen113
\pst@dimp=\dimen114
\pst@hbox=\box26
\pst@ibox=\box27
\pst@boxg=\box28
\pst@cnta=\count100
\pst@cntb=\count101
\pst@cntc=\count102
\pst@cntd=\count103
\pst@cntg=\count104
\pst@cnth=\count105
\pst@cntm=\count106
\pst@cntn=\count107
\pst@cnto=\count108
\pst@cntp=\count109
\@zero=\count110
\pst@toks=\toks17
(/usr/local/texlive/2011/texmf-dist/tex/xelatex/xetex-pstricks/pstricks.con
(/usr/local/texlive/2011/texmf-dist/tex/generic/pstricks/config/xdvipdfmx.cfg))
\psunit=\dimen115
\psxunit=\dimen116
\psyunit=\dimen117
\pst@C@@rType=\count111
\pslinewidth=\dimen118
\psk@startLW=\dimen119
\psk@endLW=\dimen120
\pst@customdefs=\toks18
\pslinearc=\dimen121
\pst@symbolStep=\dimen122
\pst@symbolWidth=\dimen123
\everypsbox=\toks19
\psframesep=\dimen124
\pslabelsep=\dimen125
\pst@shift=\dimen126
\theoverlaybox=\box29
(/usr/local/texlive/2011/texmf-dist/tex/xelatex/xetex-pstricks/pstricks.con
(/usr/local/texlive/2011/texmf-dist/tex/generic/pstricks/config/xdvipdfmx.cfg
Using PSTricks configuration for XeTeX+xdvipdfmx
)))
File: pstricks.tex 2011/04/23 v2.20 `PSTricks' (tvz,hv)
 (/usr/local/texlive/2011/texmf-dist/tex/generic/pstricks/pst-fp.tex)
File: pst-fp.tex 2011/04/23 v2.20 `PST-fp' (hv)

(/usr/local/texlive/2011/texmf-dist/tex/latex/xcolor/xcolor.sty
Package: xcolor 2007/01/21 v2.11 LaTeX color extensions (UK)

(/usr/local/texlive/2011/texmf-dist/tex/latex/latexconfig/color.cfg
File: color.cfg 2007/01/18 v1.5 color configuration of teTeX/TeXLive
)
Package xcolor Info: Driver file: xetex.def on input line 225.
Package xcolor Info: Model `cmy' substituted by `cmy0' on input line 1337.
Package xcolor Info: Model `RGB' extended on input line 1353.
Package xcolor Info: Model `HTML' substituted by `rgb' on input line 1355.
Package xcolor Info: Model `Hsb' substituted by `hsb' on input line 1356.
Package xcolor Info: Model `tHsb' substituted by `hsb' on input line 1357.
Package xcolor Info: Model `HSB' substituted by `hsb' on input line 1358.
Package xcolor Info: Model `Gray' substituted by `gray' on input line 1359.
Package xcolor Info: Model `wave' substituted by `hsb' on input line 1360.
))
(/usr/local/texlive/2011/texmf-dist/tex/latex/moreverb/moreverb.sty
Package: moreverb 2008/06/03 v2.3a `more' verbatim facilities

(/usr/local/texlive/2011/texmf-dist/tex/latex/tools/verbatim.sty
Package: verbatim 2003/08/22 v1.5q LaTeX2e package for verbatim enhancements
\every@verbatim=\toks20
\verbatim@line=\toks21
\verbatim@in@stream=\read1
)
\tab@position=\count112
\tab@size=\count113
\listing@line=\count114
)
(/usr/local/texlive/2011/texmf-dist/tex/latex/subfigure/subfigure.sty
Package: subfigure 2002/03/15 v2.1.5 subfigure package
\subfigtopskip=\skip44
\subfigcapskip=\skip45
\subfigcaptopadj=\dimen127
\subfigbottomskip=\skip46
\subfigcapmargin=\dimen128
\subfiglabelskip=\skip47
\c@subfigure=\count115
\c@lofdepth=\count116
\c@subtable=\count117
\c@lotdepth=\count118

****************************************
* Local config file subfigure.cfg used *
****************************************
(/usr/local/texlive/2011/texmf-dist/tex/latex/subfigure/subfigure.cfg)
\subfig@top=\skip48
\subfig@bottom=\skip49
)
(/usr/local/texlive/2011/texmf-dist/tex/latex/graphics/epsfig.sty
Package: epsfig 1999/02/16 v1.7a (e)psfig emulation (SPQR)
\epsfxsize=\dimen129
\epsfysize=\dimen130
)
(/usr/local/texlive/2011/texmf-dist/tex/latex/misc209/hangcaption.sty
\captionwidth=\skip50
)
(/usr/local/texlive/2011/texmf-dist/tex/latex/txfonts/txfonts.sty
Package: txfonts 2008/01/22 v3.2.1
LaTeX Font Info:    Redeclaring symbol font `operators' on input line 21.
LaTeX Font Info:    Overwriting symbol font `operators' in version `normal'
(Font)                  OT1/cmr/m/n --> OT1/txr/m/n on input line 21.
LaTeX Font Info:    Overwriting symbol font `operators' in version `bold'
(Font)                  OT1/cmr/bx/n --> OT1/txr/m/n on input line 21.
LaTeX Font Info:    Overwriting symbol font `operators' in version `bold'
(Font)                  OT1/txr/m/n --> OT1/txr/bx/n on input line 22.
\symitalic=\mathgroup4
LaTeX Font Info:    Overwriting symbol font `italic' in version `bold'
(Font)                  OT1/txr/m/it --> OT1/txr/bx/it on input line 26.
LaTeX Font Info:    Redeclaring math alphabet \mathbf on input line 29.
LaTeX Font Info:    Overwriting math alphabet `\mathbf' in version `normal'
(Font)                  OT1/cmr/bx/n --> OT1/txr/bx/n on input line 29.
LaTeX Font Info:    Overwriting math alphabet `\mathbf' in version `bold'
(Font)                  OT1/cmr/bx/n --> OT1/txr/bx/n on input line 29.
LaTeX Font Info:    Redeclaring math alphabet \mathit on input line 30.
LaTeX Font Info:    Overwriting math alphabet `\mathit' in version `normal'
(Font)                  OT1/cmr/m/it --> OT1/txr/m/it on input line 30.
LaTeX Font Info:    Overwriting math alphabet `\mathit' in version `bold'
(Font)                  OT1/cmr/bx/it --> OT1/txr/m/it on input line 30.
LaTeX Font Info:    Overwriting math alphabet `\mathit' in version `bold'
(Font)                  OT1/txr/m/it --> OT1/txr/bx/it on input line 31.
LaTeX Font Info:    Redeclaring math alphabet \mathsf on input line 40.
LaTeX Font Info:    Overwriting math alphabet `\mathsf' in version `normal'
(Font)                  OT1/cmss/m/n --> OT1/txss/m/n on input line 40.
LaTeX Font Info:    Overwriting math alphabet `\mathsf' in version `bold'
(Font)                  OT1/cmss/bx/n --> OT1/txss/m/n on input line 40.
LaTeX Font Info:    Overwriting math alphabet `\mathsf' in version `bold'
(Font)                  OT1/txss/m/n --> OT1/txss/b/n on input line 41.
LaTeX Font Info:    Redeclaring math alphabet \mathtt on input line 50.
LaTeX Font Info:    Overwriting math alphabet `\mathtt' in version `normal'
(Font)                  OT1/cmtt/m/n --> OT1/txtt/m/n on input line 50.
LaTeX Font Info:    Overwriting math alphabet `\mathtt' in version `bold'
(Font)                  OT1/cmtt/m/n --> OT1/txtt/m/n on input line 50.
LaTeX Font Info:    Overwriting math alphabet `\mathtt' in version `bold'
(Font)                  OT1/txtt/m/n --> OT1/txtt/b/n on input line 51.
LaTeX Font Info:    Redeclaring symbol font `letters' on input line 58.
LaTeX Font Info:    Overwriting symbol font `letters' in version `normal'
(Font)                  OML/cmm/m/it --> OML/txmi/m/it on input line 58.
LaTeX Font Info:    Overwriting symbol font `letters' in version `bold'
(Font)                  OML/cmm/b/it --> OML/txmi/m/it on input line 58.
LaTeX Font Info:    Overwriting symbol font `letters' in version `bold'
(Font)                  OML/txmi/m/it --> OML/txmi/bx/it on input line 59.
\symlettersA=\mathgroup5
LaTeX Font Info:    Overwriting symbol font `lettersA' in version `bold'
(Font)                  U/txmia/m/it --> U/txmia/bx/it on input line 67.
LaTeX Font Info:    Redeclaring symbol font `symbols' on input line 77.
LaTeX Font Info:    Overwriting symbol font `symbols' in version `normal'
(Font)                  OMS/cmsy/m/n --> OMS/txsy/m/n on input line 77.
LaTeX Font Info:    Overwriting symbol font `symbols' in version `bold'
(Font)                  OMS/cmsy/b/n --> OMS/txsy/m/n on input line 77.
LaTeX Font Info:    Overwriting symbol font `symbols' in version `bold'
(Font)                  OMS/txsy/m/n --> OMS/txsy/bx/n on input line 78.
\symAMSa=\mathgroup6
LaTeX Font Info:    Overwriting symbol font `AMSa' in version `bold'
(Font)                  U/txsya/m/n --> U/txsya/bx/n on input line 94.
\symAMSb=\mathgroup7
LaTeX Font Info:    Overwriting symbol font `AMSb' in version `bold'
(Font)                  U/txsyb/m/n --> U/txsyb/bx/n on input line 103.
\symsymbolsC=\mathgroup8
LaTeX Font Info:    Overwriting symbol font `symbolsC' in version `bold'
(Font)                  U/txsyc/m/n --> U/txsyc/bx/n on input line 113.
LaTeX Font Info:    Redeclaring symbol font `largesymbols' on input line 120.
LaTeX Font Info:    Overwriting symbol font `largesymbols' in version `normal'
(Font)                  OMX/cmex/m/n --> OMX/txex/m/n on input line 120.
LaTeX Font Info:    Overwriting symbol font `largesymbols' in version `bold'
(Font)                  OMX/cmex/m/n --> OMX/txex/m/n on input line 120.
LaTeX Font Info:    Overwriting symbol font `largesymbols' in version `bold'
(Font)                  OMX/txex/m/n --> OMX/txex/bx/n on input line 121.
\symlargesymbolsA=\mathgroup9
LaTeX Font Info:    Overwriting symbol font `largesymbolsA' in version `bold'
(Font)                  U/txexa/m/n --> U/txexa/bx/n on input line 129.
LaTeX Info: Redefining \not on input line 1043.
)
(/usr/local/texlive/2011/texmf-dist/tex/latex/psnfss/palatino.sty
Package: palatino 2005/04/12 PSNFSS-v9.2a (SPQR) 
)
(/usr/local/texlive/2011/texmf-dist/tex/latex/base/alltt.sty
Package: alltt 1997/06/16 v2.0g defines alltt environment
)
(/usr/local/texlive/2011/texmf-dist/tex/latex/algorithms/algorithm.sty
Invalid UTF-8 byte or sequence at line 11 replaced by U+FFFD.
Package: algorithm 2009/08/24 v0.1 Document Style `algorithm' - floating enviro
nment

(/usr/local/texlive/2011/texmf-dist/tex/latex/float/float.sty
Package: float 2001/11/08 v1.3d Float enhancements (AL)
\c@float@type=\count119
\float@exts=\toks22
\float@box=\box30
\@float@everytoks=\toks23
\@floatcapt=\box31
)
(/usr/local/texlive/2011/texmf-dist/tex/latex/base/ifthen.sty
Package: ifthen 2001/05/26 v1.1c Standard LaTeX ifthen package (DPC)
)
\@float@every@algorithm=\toks24
\c@algorithm=\count120
)
(/usr/local/texlive/2011/texmf-dist/tex/latex/tools/multicol.sty
Package: multicol 2008/12/05 v1.6h multicolumn formatting (FMi)
\c@tracingmulticols=\count121
\mult@box=\box32
\multicol@leftmargin=\dimen131
\c@unbalance=\count122
\c@collectmore=\count123
\doublecol@number=\count124
\multicoltolerance=\count125
\multicolpretolerance=\count126
\full@width=\dimen132
\page@free=\dimen133
\premulticols=\dimen134
\postmulticols=\dimen135
\multicolsep=\skip51
\multicolbaselineskip=\skip52
\partial@page=\box33
\last@line=\box34
\mult@rightbox=\box35
\mult@grightbox=\box36
\mult@gfirstbox=\box37
\mult@firstbox=\box38
\@tempa=\box39
\@tempa=\box40
\@tempa=\box41
\@tempa=\box42
\@tempa=\box43
\@tempa=\box44
\@tempa=\box45
\@tempa=\box46
\@tempa=\box47
\@tempa=\box48
\@tempa=\box49
\@tempa=\box50
\@tempa=\box51
\@tempa=\box52
\@tempa=\box53
\@tempa=\box54
\@tempa=\box55
\c@columnbadness=\count127
\c@finalcolumnbadness=\count128
\last@try=\dimen136
\multicolovershoot=\dimen137
\multicolundershoot=\dimen138
\mult@nat@firstbox=\box56
\colbreak@box=\box57
)
(/usr/local/texlive/2011/texmf-dist/tex/latex/bbold/bbold.sty
Package: bbold 1994/04/06 Bbold symbol package
LaTeX Font Info:    Redeclaring math alphabet \mathbb on input line 42.
)
(/usr/local/texlive/2011/texmf-dist/tex/latex/pstricks-add/pstricks-add.sty
Package: pstricks-add 2010/02/11 v. 0.14 package wrapper for pstricks-add.tex (
hv)

(/usr/local/texlive/2011/texmf-dist/tex/generic/pstricks-add/pstricks-add.tex
(/usr/local/texlive/2011/texmf-dist/tex/generic/pst-plot/pst-plot.tex
(/usr/local/texlive/2011/texmf-dist/tex/generic/multido/multido.tex
 v1.42, 2010/05/14 <tvz>
\multido@count=\count129
\multidocount=\count130
\multido@stuff=\toks25
)  v1.29, 2011/04/13 (tvz,hv)
\pstRadUnit=\dimen139
\pstRadUnitInv=\dimen140
\pst@linecnt=\count131
\psk@subticksize=\dimen141
\pst@xticksizeA=\dimen142
\pst@xticksizeB=\dimen143
\pst@xticksizeC=\dimen144
\pst@yticksizeA=\dimen145
\pst@yticksizeB=\dimen146
\pst@yticksizeC=\dimen147
\@digitcounter=\count132
\psk@llx=\dimen148
\psk@lly=\dimen149
\psk@urx=\dimen150
\psk@ury=\dimen151
\pst@xunit=\dimen152
\pst@yunit=\dimen153
)
(/usr/local/texlive/2011/texmf-dist/tex/generic/pst-node/pst-node.tex
 v1.16, 2011/05/05
\psrow=\count133
\pscol=\count134
\psmatrixcnt=\count135
\psrowsep=\skip53
\pscolsep=\skip54
\pst@args=\count136
\num@pts=\count137
\pst@argcnt=\count138
)
(/usr/local/texlive/2011/texmf-dist/tex/generic/pst-3d/pst-3d.tex
`PST-3d' v1.11, 2010/02/14 (tvz))
(/usr/local/texlive/2011/texmf-dist/tex/generic/pst-math/pst-math.tex
`pst-math' v0.62 , (CJ,hv)) `pstricks-add' v3.51, 2011/02/02 (dr,hv)
\pshooklength=\dimen154
\pshookwidth=\dimen155
\pst@cntC=\count139
\chart@ColorIndex=\dimen156
\chart@ColorStep=\dimen157
\pst@chartHeight=\dimen158
\pst@chartStackDepth=\dimen159
\pst@chartStackWidth=\dimen160
\chart@Toggle=\count140
\psVectorCtr=\count141
)
File: pstricks-add.tex 2011/02/02 v3.51 `PSTricks-add' (hv)
)
(/usr/local/texlive/2011/texmf-dist/tex/latex/algorithms/algorithmic.sty
Invalid UTF-8 byte or sequence at line 11 replaced by U+FFFD.
Package: algorithmic 2009/08/24 v0.1 Document Style `algorithmic'
\c@ALC@unique=\count142
\c@ALC@line=\count143
\c@ALC@rem=\count144
\c@ALC@depth=\count145
\ALC@tlm=\skip55
\algorithmicindent=\skip56
)
\c@theorem=\count146
\c@definition=\count147

No file thesis.aux.
\openout1 = `thesis.aux'.

LaTeX Font Info:    Checking defaults for OML/txmi/m/it on input line 65.
LaTeX Font Info:    Try loading font information for OML+txmi on input line 65.

(/usr/local/texlive/2011/texmf-dist/tex/latex/txfonts/omltxmi.fd
File: omltxmi.fd 2000/12/15 v3.1
)
LaTeX Font Info:    ... okay on input line 65.
LaTeX Font Info:    Checking defaults for T1/cmr/m/n on input line 65.
LaTeX Font Info:    ... okay on input line 65.
LaTeX Font Info:    Checking defaults for OT1/cmr/m/n on input line 65.
LaTeX Font Info:    ... okay on input line 65.
LaTeX Font Info:    Checking defaults for OMS/txsy/m/n on input line 65.
LaTeX Font Info:    Try loading font information for OMS+txsy on input line 65.


(/usr/local/texlive/2011/texmf-dist/tex/latex/txfonts/omstxsy.fd
File: omstxsy.fd 2000/12/15 v3.1
)
LaTeX Font Info:    ... okay on input line 65.
LaTeX Font Info:    Checking defaults for OMX/txex/m/n on input line 65.
LaTeX Font Info:    Try loading font information for OMX+txex on input line 65.


(/usr/local/texlive/2011/texmf-dist/tex/latex/txfonts/omxtxex.fd
File: omxtxex.fd 2000/12/15 v3.1
)
LaTeX Font Info:    ... okay on input line 65.
LaTeX Font Info:    Checking defaults for U/txexa/m/n on input line 65.
LaTeX Font Info:    Try loading font information for U+txexa on input line 65.

(/usr/local/texlive/2011/texmf-dist/tex/latex/txfonts/utxexa.fd
File: utxexa.fd 2000/12/15 v3.1
)
LaTeX Font Info:    ... okay on input line 65.
LaTeX Font Info:    Try loading font information for OT1+ppl on input line 65.

(/usr/local/texlive/2011/texmf-dist/tex/latex/psnfss/ot1ppl.fd
File: ot1ppl.fd 2001/06/04 font definitions for OT1/ppl.
)
Title page
[1

]
Copyleft page
LaTeX Font Info:    Try loading font information for OMS+ppl on input line 68.
(/usr/local/texlive/2011/texmf-dist/tex/latex/psnfss/omsppl.fd
File: omsppl.fd 
)
LaTeX Font Info:    Font shape `OMS/ppl/m/n' in size <12> not available
(Font)              Font shape `OMS/cmsy/m/n' tried instead on input line 68.
 [2

]
Abstract
[3

]
Vita
LaTeX Font Info:    Font shape `OT1/ppl/bx/n' in size <12> not available
(Font)              Font shape `OT1/ppl/b/n' tried instead on input line 77.
[3


]
File: Figures/windy.jpg Graphic file (type QTm)
 <use  "Figures/windy.jpg" > [4

] [5


] (./thesis.toc)
\tf@toc=\write3
\openout3 = `thesis.toc'.

 [6


] (./thesis.lot)
\tf@lot=\write4
\openout4 = `thesis.lot'.


[7


] (./thesis.lof)
\tf@lof=\write5
\openout5 = `thesis.lof'.

 [8


]
Chapter 1.
LaTeX Font Info:    Font shape `OT1/ppl/bx/n' in size <14.4> not available
(Font)              Font shape `OT1/ppl/b/n' tried instead on input line 115.
File: Figures/visually_simple.pdf Graphic file (type QTm)
<use  "Figures/visually_simple.pdf" >

LaTeX Warning: Citation `JTODO' on page 1 undefined on input line 124.

[1


]

LaTeX Warning: Reference `tbl_app_method' on page 2 undefined on input line 127
.

LaTeX Font Info:    Try loading font information for OT1+txr on input line 127.

(/usr/local/texlive/2011/texmf-dist/tex/latex/txfonts/ot1txr.fd
File: ot1txr.fd 2000/12/15 v3.1
)
LaTeX Font Info:    Try loading font information for U+txmia on input line 127.


(/usr/local/texlive/2011/texmf-dist/tex/latex/txfonts/utxmia.fd
File: utxmia.fd 2000/12/15 v3.1
)
LaTeX Font Info:    Try loading font information for U+txsya on input line 127.


(/usr/local/texlive/2011/texmf-dist/tex/latex/txfonts/utxsya.fd
File: utxsya.fd 2000/12/15 v3.1
)
LaTeX Font Info:    Try loading font information for U+txsyb on input line 127.


(/usr/local/texlive/2011/texmf-dist/tex/latex/txfonts/utxsyb.fd
File: utxsyb.fd 2000/12/15 v3.1
)
LaTeX Font Info:    Try loading font information for U+txsyc on input line 127.


(/usr/local/texlive/2011/texmf-dist/tex/latex/txfonts/utxsyc.fd
File: utxsyc.fd 2000/12/15 v3.1
)

LaTeX Warning: Citation `JTODO' on page 2 undefined on input line 133.


LaTeX Warning: Citation `JTODO' on page 2 undefined on input line 134.


LaTeX Warning: Citation `JTODO' on page 2 undefined on input line 135.


LaTeX Warning: Citation `JTODO' on page 2 undefined on input line 136.


LaTeX Warning: Citation `JTODO' on page 2 undefined on input line 137.


LaTeX Warning: Citation `JTODO' on page 2 undefined on input line 138.

[2]

LaTeX Warning: Reference `alg_rec_part' on page 3 undefined on input line 155.


LaTeX Warning: Citation `JTODO' on page 3 undefined on input line 175.

[3]

LaTeX Warning: Citation `girvan' on page 4 undefined on input line 186.

[4]

LaTeX Warning: Reference `alg_rec_union' on page 5 undefined on input line 192.



LaTeX Warning: Citation `newman' on page 5 undefined on input line 211.

[5]

LaTeX Warning: Citation `blondel' on page 6 undefined on input line 213.


LaTeX Warning: Citation `JTODO' on page 6 undefined on input line 213.

[6]

LaTeX Warning: Citation `mishra' on page 7 undefined on input line 230.


LaTeX Warning: Reference `table_variables' on page 7 undefined on input line 23
0.


LaTeX Warning: Citation `mishra' on page 7 undefined on input line 230.


LaTeX Warning: Citation `mishra' on page 7 undefined on input line 240.

[7]

LaTeX Warning: Reference `table_variables' on page 8 undefined on input line 26
9.

[8]
LaTeX Font Info:    Try loading font information for U+bbold on input line 274.

 (/usr/local/texlive/2011/texmf-dist/tex/latex/bbold/Ubbold.fd)

LaTeX Warning: Reference `def_int_density' on page 9 undefined on input line 30
8.


LaTeX Warning: Reference `def_ext_density' on page 9 undefined on input line 30
9.


LaTeX Warning: Reference `def_int_set' on page 9 undefined on input line 310.


LaTeX Warning: Reference `def_ext_set' on page 9 undefined on input line 311.


LaTeX Warning: Reference `def_conciseness' on page 9 undefined on input line 31
2.


Overfull \hbox (1.05727pt too wide) in paragraph at lines 306--314
 [] 
 []

[9] [10]
Chapter 2.

LaTeX Warning: Citation `lanc:2009' on page 11 undefined on input line 324.


LaTeX Warning: Citation `leskovec' on page 11 undefined on input line 324.

[11

] [12]

LaTeX Warning: Citation `lanc:2009' on page 13 undefined on input line 349.


LaTeX Warning: Citation `leskovec' on page 13 undefined on input line 349.


LaTeX Warning: Reference `sec:top_down' on page 13 undefined on input line 354.



LaTeX Warning: Reference `sec:bottom_up' on page 13 undefined on input line 354
.


LaTeX Warning: Citation `JTODO' on page 13 undefined on input line 354.

[13] [14]

LaTeX Warning: Reference `tbl:bad_single' on page 15 undefined on input line 38
2.

[15]

LaTeX Warning: Citation `JTODO' on page 16 undefined on input line 408.


LaTeX Warning: Citation `JTODO' on page 16 undefined on input line 412.


LaTeX Warning: Citation `JTODO' on page 16 undefined on input line 416.


LaTeX Warning: Citation `JTODO' on page 16 undefined on input line 419.


LaTeX Warning: Citation `JTODO' on page 16 undefined on input line 423.

[16]

LaTeX Warning: Citation `JTODO' on page 17 undefined on input line 427.

File: Figures/e_based_ls.pdf Graphic file (type QTm)
<use  "Figures/e_based_ls.pdf" >
File: Figures/prev_int_ls.pdf Graphic file (type QTm)
 <use  "Figures/prev_int_ls.pdf" >
File: Figures/volume_ls.pdf Graphic file (type QTm)

<use  "Figures/volume_ls.pdf" >
File: Figures/cond_ls.pdf Graphic file (type QTm)
 <use  "Figures/cond_ls.pdf" >
Overfull \hbox (16.73381pt too wide) in paragraph at lines 437--441
[][] []
 []


Overfull \hbox (16.73381pt too wide) in paragraph at lines 437--441
[] []
 []


LaTeX Warning: Reference `alg_greedy_single' on page 17 undefined on input line
 446.

[17] [18]

LaTeX Warning: Reference `alg_greedy_single' on page 19 undefined on input line
 470.

[19]

LaTeX Warning: Reference `fig_single_ls' on page 20 undefined on input line 496
.

File: Figures/cee_karate.pdf Graphic file (type QTm)
<use  "Figures/cee_karate.pdf" >
File: Figures/cee_cfl.pdf Graphic file (type QTm)
 <use  "Figures/cee_cfl.pdf" >
File: Figures/cee_relativity.pdf Graphic file (type QTm)

<use  "Figures/cee_relativity.pdf" >
File: Figures/cee_astro.pdf Graphic file (type QTm)
 <use  "Figures/cee_astro.pdf" >

LaTeX Warning: Reference `alg_greedy_single' on page 20 undefined on input line
 504.


LaTeX Warning: Reference `alg_greedy_single' on page 20 undefined on input line
 504.


LaTeX Warning: `!h' float specifier changed to `!ht'.


LaTeX Warning: Reference `fig_k_e_based' on page 20 undefined on input line 508
.

[20]
File: Figures/k_influence_e_based.pdf Graphic file (type QTm)
 <use  "Figures/k_influence_e_based.pdf" >

LaTeX Warning: `!h' float specifier changed to `!ht'.


LaTeX Warning: Reference `fig_single_ls' on page 21 undefined on input line 523
.

[21] [22]
File: Figures/volume_karate.pdf Graphic file (type QTm)
 <use  "Figures/volume_karate.pdf" >
File: Figures/volume_cfl.pdf Graphic file (type QTm)
 <use  "Figures/volume_cfl.pdf" >

LaTeX Warning: Reference `alg_greedy_single' on page 23 undefined on input line
 536.


LaTeX Warning: Reference `alg_greedy_single' on page 23 undefined on input line
 536.

File: Figures/volume_k.pdf Graphic file (type QTm)
<use  "Figures/volume_k.pdf" >

LaTeX Warning: Reference `fig_single_ls' on page 23 undefined on input line 550
.

[23]

LaTeX Warning: Reference `alg_greedy_single' on page 24 undefined on input line
 552.


LaTeX Warning: Reference `fig:conductance' on page 24 undefined on input line 5
52.


LaTeX Warning: Citation `leskovec' on page 24 undefined on input line 554.

[24]
File: Figures/conductance_karate.pdf Graphic file (type QTm)
 <use  "Figures/conductance_karate.pdf" >
File: Figures/conductance_cfl.pdf Graphic file (type QTm)

<use  "Figures/conductance_cfl.pdf" >
File: Figures/conductance_relativity.pdf Graphic file (type QTm)

<use  "Figures/conductance_relativity.pdf" >
File: Figures/conductance_astro.pdf Graphic file (type QTm)

<use  "Figures/conductance_astro.pdf" >

LaTeX Warning: Reference `fig:k_conductance' on page 25 undefined on input line
 567.

File: Figures/k_influence_conductance.pdf Graphic file (type QTm)
<use  "Figures/k_influence_conductance.pdf" >

LaTeX Warning: `!h' float specifier changed to `!ht'.


LaTeX Warning: Citation `newman' on page 25 undefined on input line 580.

[25] [26] [27]

LaTeX Warning: Reference `fig_corner_sets' on page 28 undefined on input line 6
20.

File: Figures/pathological_graphs.pdf Graphic file (type QTm)
<use  "Figures/pathological_graphs.pdf" >
Overfull \hbox (14.45378pt too wide) in paragraph at lines 623--624
[][]
 []


LaTeX Warning: `!h' float specifier changed to `!ht'.


LaTeX Warning: Citation `newman' on page 28 undefined on input line 631.


LaTeX Warning: Citation `blondel' on page 28 undefined on input line 631.

[28]
File: Figures/cfl_mod_ls.pdf Graphic file (type QTm)
 <use  "Figures/cfl_mod_ls.pdf" >

LaTeX Warning: `!h' float specifier changed to `!ht'.


LaTeX Warning: Reference `fig:mod_ls' on page 29 undefined on input line 647.

[29]
File: Figures/modularity_karate_sets.pdf Graphic file (type QTm)
 <use  "Figures/modularity_karate_sets.pdf" >
File: Figures/modularity_cfl_sets.pdf Graphic file (type QTm)

<use  "Figures/modularity_cfl_sets.pdf" >
File: Figures/modularity_relativity_sets.pdf Graphic file (type QTm)

<use  "Figures/modularity_relativity_sets.pdf" >
File: Figures/modularity_astro_sets.pdf Graphic file (type QTm)

<use  "Figures/modularity_astro_sets.pdf" >

LaTeX Warning: Citation `blondel' on page 30 undefined on input line 655.


LaTeX Warning: Citation `blondel' on page 30 undefined on input line 655.


LaTeX Warning: `!h' float specifier changed to `!ht'.


LaTeX Warning: Citation `JTODO' on page 30 undefined on input line 660.

[30] [31]
Chapter 3.

LaTeX Warning: Citation `JTODO' on page 32 undefined on input line 668.

[32

]
File: Figures/linear_single_ls.pdf Graphic file (type QTm)
 <use  "Figures/linear_single_ls.pdf" >
File: Figures/linear_single_k.pdf Graphic file (type QTm)

<use  "Figures/linear_single_k.pdf" > [33]
File: Figures/linear_single_karate.pdf Graphic file (type QTm)

<use  "Figures/linear_single_karate.pdf" >
File: Figures/linear_single_cfl.pdf Graphic file (type QTm)

<use  "Figures/linear_single_cfl.pdf" >
File: Figures/linear_single_relativity.pdf Graphic file (type QTm)

<use  "Figures/linear_single_relativity.pdf" >
File: Figures/linear_single_astro.pdf Graphic file (type QTm)

<use  "Figures/linear_single_astro.pdf" >

LaTeX Warning: Reference `fig:linear_single_ls_k' on page 34 undefined on input
 line 715.


LaTeX Warning: Reference `alg_greedy_single' on page 34 undefined on input line
 715.


LaTeX Warning: Reference `fig:linear_single' on page 34 undefined on input line
 715.


LaTeX Warning: Reference `def_int_set' on page 34 undefined on input line 724.


LaTeX Warning: Reference `def_ext_set' on page 34 undefined on input line 724.


LaTeX Warning: Reference `def_conciseness' on page 34 undefined on input line 7
24.

[34]
Underfull \hbox (badness 6758) in paragraph at lines 725--726
[]\OT1/ppl/m/it/12 Given a set of com-mu-ni-ties, $\OML/txmi/m/it/12 S \OT1/txr
/m/n/12 = \OMS/txsy/m/n/12 f\OML/txmi/m/it/12 C[]; C[]; []\OMS/txsy/m/n/12 g$
 []

[35]

LaTeX Warning: Citation `blondel' on page 36 undefined on input line 740.

[36]

LaTeX Warning: Reference `JTODO' on page 37 undefined on input line 747.

[37]

LaTeX Warning: Reference `conj:int_density' on page 38 undefined on input line 
760.


LaTeX Warning: Reference `ch:datasets' on page 38 undefined on input line 769.

[38]
File: Figures/linear_sets_karate.pdf Graphic file (type QTm)
 <use  "Figures/linear_sets_karate.pdf" >
File: Figures/linear_sets_cfl.pdf Graphic file (type QTm)

<use  "Figures/linear_sets_cfl.pdf" >

LaTeX Warning: Reference `fig:karate_comparison' on page 39 undefined on input 
line 776.


LaTeX Warning: Reference `fig:karate_comparison' on page 39 undefined on input 
line 776.

File: Figures/linear_sets_relativity.pdf Graphic file (type QTm)
<use  "Figures/linear_sets_relativity.pdf" >
File: Figures/linear_sets_astro.pdf Graphic file (type QTm)

<use  "Figures/linear_sets_astro.pdf" > [39]
Chapter 4.
[40

] [41] [42] [43]

LaTeX Warning: Reference `sec:seeds' on page 44 undefined on input line 860.


LaTeX Warning: Reference `alg_all_c' on page 44 undefined on input line 860.


LaTeX Warning: Reference `sec:seeds' on page 44 undefined on input line 860.


LaTeX Warning: `!h' float specifier changed to `!ht'.

[44] [45]

LaTeX Warning: Reference `eq:bound' on page 46 undefined on input line 912.

[46]

LaTeX Warning: Reference `eq:bound' on page 47 undefined on input line 914.

[47]
Overfull \hbox (19.49217pt too wide) in alignment at lines 953--956
 [][][] []
 []

[48]

LaTeX Warning: Reference `tbl:pareto' on page 49 undefined on input line 957.

[49]

LaTeX Warning: `!h' float specifier changed to `!ht'.


LaTeX Warning: Reference `alg:seed' on page 50 undefined on input line 1008.


Underfull \hbox (badness 2393) in paragraph at lines 1008--1009
[]\OT1/ppl/m/it/12 Let seeds, $\OML/txmi/m/it/12 S[]$
 []


LaTeX Warning: Reference `alg:seed' on page 50 undefined on input line 1012.

[50] [51] [52]
Chapter 5.

LaTeX Warning: Citation `zachary' on page 53 undefined on input line 1048.


LaTeX Warning: Reference `fig:karate_comparison' on page 53 undefined on input 
line 1048.

File: Figures/karate_known.pdf Graphic file (type QTm)
<use  "Figures/karate_known.pdf" >
File: Figures/karate_module.pdf Graphic file (type QTm)
 <use  "Figures/karate_module.pdf" >
File: Figures/karate_linear.pdf Graphic file (type QTm)

<use  "Figures/karate_linear.pdf" >
File: Figures/karate_parallel.pdf Graphic file (type QTm)
 <use  "Figures/karate_parallel.pdf" >
File: Figures/karate_metis.pdf Graphic file (type QTm)

<use  "Figures/karate_metis.pdf" >

LaTeX Warning: `!h' float specifier changed to `!ht'.


LaTeX Warning: `!h' float specifier changed to `!ht'.

[53

] [54]

LaTeX Warning: `!h' float specifier changed to `!ht'.

File: Figures/football_known.pdf Graphic file (type QTm)
<use  "Figures/football_known.pdf" >
File: Figures/football_module.pdf Graphic file (type QTm)
 <use  "Figures/football_module.pdf" >
File: Figures/football_linear.pdf Graphic file (type QTm)

<use  "Figures/football_linear.pdf" >
File: Figures/football_parallel.pdf Graphic file (type QTm)
 <use  "Figures/football_parallel.pdf" >
File: Figures/football_metis.pdf Graphic file (type QTm)

<use  "Figures/football_metis.pdf" >

LaTeX Warning: `!h' float specifier changed to `!ht'.


LaTeX Warning: Reference `fig:football_comparison' on page 55 undefined on inpu
t line 1110.

[55] [56] [57]

LaTeX Warning: Reference `fig:rel_24' on page 58 undefined on input line 1147.

File: Figures/relativity_24_module.pdf Graphic file (type QTm)
<use  "Figures/relativity_24_module.pdf" >
File: Figures/relativity_24_linear.pdf Graphic file (type QTm)

<use  "Figures/relativity_24_linear.pdf" >
File: Figures/relativity_24_parallel.pdf Graphic file (type QTm)

<use  "Figures/relativity_24_parallel.pdf" >
File: Figures/relativity_24_metis.pdf Graphic file (type QTm)

<use  "Figures/relativity_24_metis.pdf" >

LaTeX Warning: `!h' float specifier changed to `!ht'.

File: Figures/relativity_lin_108module.pdf Graphic file (type QTm)
<use  "Figures/relativity_lin_108module.pdf" >
File: Figures/relativity_lin_108linear.pdf Graphic file (type QTm)

<use  "Figures/relativity_lin_108linear.pdf" >
File: Figures/relativity_lin_108parallel.pdf Graphic file (type QTm)

<use  "Figures/relativity_lin_108parallel.pdf" >
File: Figures/relativity_lin_108metis.pdf Graphic file (type QTm)

<use  "Figures/relativity_lin_108metis.pdf" >

LaTeX Warning: `!h' float specifier changed to `!ht'.

File: Figures/relativity_par_319_module.pdf Graphic file (type QTm)
<use  "Figures/relativity_par_319_module.pdf" >
File: Figures/relativity_par_319_linear.pdf Graphic file (type QTm)

<use  "Figures/relativity_par_319_linear.pdf" >
File: Figures/relativity_par_319_parallel.pdf Graphic file (type QTm)

<use  "Figures/relativity_par_319_parallel.pdf" >
File: Figures/relativity_par_319_metis.pdf Graphic file (type QTm)

<use  "Figures/relativity_par_319_metis.pdf" >
File: Figures/relativity_par_319_subparallel.pdf Graphic file (type QTm)

<use  "Figures/relativity_par_319_subparallel.pdf" >

LaTeX Warning: `!h' float specifier changed to `!ht'.

File: Figures/relativity_mod_10_module.pdf Graphic file (type QTm)
<use  "Figures/relativity_mod_10_module.pdf" >
File: Figures/relativity_mod_10_linear.pdf Graphic file (type QTm)

<use  "Figures/relativity_mod_10_linear.pdf" >
File: Figures/relativity_mod_10_parallel.pdf Graphic file (type QTm)

<use  "Figures/relativity_mod_10_parallel.pdf" >
File: Figures/relativity_mod_10_metis.pdf Graphic file (type QTm)

<use  "Figures/relativity_mod_10_metis.pdf" >
File: Figures/relativity_mod_3_module.pdf Graphic file (type QTm)

<use  "Figures/relativity_mod_3_module.pdf" >
File: Figures/relativity_mod_3_linear.pdf Graphic file (type QTm)

<use  "Figures/relativity_mod_3_linear.pdf" >
File: Figures/relativity_mod_3_parallel.pdf Graphic file (type QTm)

<use  "Figures/relativity_mod_3_parallel.pdf" >
File: Figures/relativity_mod_3_metis.pdf Graphic file (type QTm)

<use  "Figures/relativity_mod_3_metis.pdf" >

LaTeX Warning: `!h' float specifier changed to `!ht'.

File: Figures/relativity__csize.pdf Graphic file (type QTm)
<use  "Figures/relativity__csize.pdf" >

LaTeX Warning: `!h' float specifier changed to `!ht'.

File: Figures/relativity_linear_parallel_n_communities.pdf Graphic file (type Q
Tm)
<use  "Figures/relativity_linear_parallel_n_communities.pdf" >

LaTeX Warning: `!h' float specifier changed to `!ht'.

File: Figures/cond_17_module.pdf Graphic file (type QTm)
<use  "Figures/cond_17_module.pdf" >
File: Figures/cond_17_linear.pdf Graphic file (type QTm)
 <use  "Figures/cond_17_linear.pdf" >
File: Figures/cond_17_parallel.pdf Graphic file (type QTm)

<use  "Figures/cond_17_parallel.pdf" > [58] [59]
Overfull \vbox (338.6368pt too high) has occurred while \output is active []


[60] [61] [62] [63] [64]
Chapter 6.

LaTeX Warning: Reference `ch:linear' on page 65 undefined on input line 1283.


LaTeX Warning: Reference `ch:parallel' on page 65 undefined on input line 1287.



LaTeX Warning: Reference `ch:datasets' on page 65 undefined on input line 1288.



LaTeX Warning: Reference `ch:datasets' on page 65 undefined on input line 1292.


(./thesis.bbl [65

] [66

]) [67] (./thesis.aux)

LaTeX Warning: There were undefined references.


LaTeX Warning: Label(s) may have changed. Rerun to get cross-references right.

 ) 
Here is how much of TeX's memory you used:
 6063 strings out of 494150
 88053 string characters out of 3152950
 210720 words of memory out of 3000000
 9113 multiletter control sequences out of 15000+200000
 17580 words of font info for 56 fonts, out of 3000000 for 9000
 1018 hyphenation exceptions out of 8191
 38i,12n,51p,1517b,488s stack positions out of 5000i,500n,10000p,200000b,50000s

Output written on thesis.pdf (76 pages).
